<?xml version="1.0" encoding="UTF-8"?>
<!-- Generated by org.testng.reporters.JUnitReportReporter -->
<testsuite hostname="Ahmeds-PC.local" failures="0" tests="1" name="com.AmazonApp.testcases.LoginPageTest" time="50.721" errors="0" timestamp="2022-10-16T18:08:28 EET" skipped="0">
  <testcase classname="com.AmazonApp.testcases.LoginPageTest" name="LoginTest" time="50.721"/>
  <system-out/>
</testsuite> <!-- com.AmazonApp.testcases.LoginPageTest -->
