<?xml version="1.0" encoding="UTF-8"?>
<!-- Generated by org.testng.reporters.JUnitReportReporter -->
<testsuite hostname="Ahmeds-PC.local" failures="0" tests="3" name="com.AmazonApp.testcases.AccountLists" time="60.604" errors="0" timestamp="2022-10-16T18:08:28 EET" skipped="0">
  <testcase classname="com.AmazonApp.testcases.AccountLists" name="SigninAccountO" time="21.054"/>
  <system-out/>
  <testcase classname="com.AmazonApp.testcases.AccountLists" name="SigninAccountA" time="20.939"/>
  <system-out/>
  <testcase classname="com.AmazonApp.testcases.AccountLists" name="SigninAccountL" time="18.611"/>
  <system-out/>
</testsuite> <!-- com.AmazonApp.testcases.AccountLists -->
