<?xml version="1.0" encoding="UTF-8"?>
<!-- Generated by org.testng.reporters.JUnitReportReporter -->
<testsuite hostname="Ahmeds-PC.local" failures="0" tests="1" name="com.AmazonApp.testcases.LoginPageTest" time="32.955" errors="0" timestamp="2022-10-11T13:21:59 EET" skipped="0">
  <testcase classname="com.AmazonApp.testcases.LoginPageTest" name="LoginTest" time="32.955"/>
  <system-out/>
</testsuite> <!-- com.AmazonApp.testcases.LoginPageTest -->
