<?xml version="1.0" encoding="UTF-8"?>
<!-- Generated by org.testng.reporters.JUnitReportReporter -->
<testsuite hostname="Ahmeds-PC.local" failures="0" tests="3" name="com.AmazonApp.testcases.AccountLists" time="62.306" errors="0" timestamp="2022-10-11T13:21:59 EET" skipped="0">
  <testcase classname="com.AmazonApp.testcases.AccountLists" name="SigninAccountO" time="21.000"/>
  <system-out/>
  <testcase classname="com.AmazonApp.testcases.AccountLists" name="SigninAccountA" time="23.318"/>
  <system-out/>
  <testcase classname="com.AmazonApp.testcases.AccountLists" name="SigninAccountL" time="17.988"/>
  <system-out/>
</testsuite> <!-- com.AmazonApp.testcases.AccountLists -->
