<?xml version="1.0" encoding="UTF-8"?>
<!-- Generated by org.testng.reporters.JUnitReportReporter -->
<testsuite hostname="Ahmeds-PC.local" failures="0" tests="1" name="com.AmazonApp.testcases.TodayDealsTest" time="55.820" errors="0" timestamp="2022-10-11T13:21:59 EET" skipped="0">
  <testcase classname="com.AmazonApp.testcases.TodayDealsTest" name="TodayDeals" time="55.820"/>
  <system-out/>
</testsuite> <!-- com.AmazonApp.testcases.TodayDealsTest -->
