<?xml version="1.0" encoding="UTF-8"?>
<!-- Generated by org.testng.reporters.JUnitReportReporter -->
<testsuite hostname="Ahmeds-PC.local" failures="0" tests="1" name="com.AmazonApp.testcases.LoginPageTest" time="25.651" errors="0" timestamp="2022-10-09T03:09:44 EET" skipped="0">
  <testcase classname="com.AmazonApp.testcases.LoginPageTest" name="LoginTest" time="25.651"/>
  <system-out/>
</testsuite> <!-- com.AmazonApp.testcases.LoginPageTest -->
